[CustomerDAOImpl]: This Customer Login ID is already used.  Login ID must be unique.]
[CustomerDAOImpl]: This Customer Login ID is already used.  Login ID must be unique.]
[AcctountDAOImpl] ERROR: Initial Balance can not be negative.
[No approved accounts found]
[Invalid Employee ID or Password]
[Invalid Customer ID or Password]
[AcctountDAOImpl] Initial Balance can not be negative.
[Invalid Customer ID or Password]
[No approved accounts found]
[No approved accounts found]
[Invalid Employee ID or Password]
[Invalid Employee ID or Password]
[No valid choice entered, please try again]
[No valid choice entered, please try again]
[No valid choice entered, please try again]
[No approved accounts found]
[No approved accounts found]
[No approved accounts found]
[No approved accounts found]
[Transfer Rejected.  Account (4) is not an approved account to Transfer FROM]
[Transfer Rejected.  Account (4) is not an approved account to Transfer FROM]
[No approved accounts found]
[Invalid Employee ID or Password]
[AcctountDAOImpl] Initial Balance can not be negative.
[No approved accounts found]
[No approved accounts found]
[No approved accounts found]
[No approved accounts found]
[Invalid Customer ID or Password]
